<?xml version="1.0" encoding="UTF-8"?>
<coverage generated="1639997502584" clover="3.2.0">
  <project timestamp="1639997502584" name="All files">
    <metrics statements="126" coveredstatements="126" conditionals="68" coveredconditionals="66" methods="31" coveredmethods="31" elements="225" coveredelements="223" complexity="0" loc="126" ncloc="126" packages="1" files="2" classes="2"/>
    <file name="dateRangeUtils.ts" path="/Users/frodehansen/prosjekter/git/sif-common-utils/src/sif-common-dates/dateRangeUtils.ts">
      <metrics statements="122" coveredstatements="122" conditionals="68" coveredconditionals="66" methods="31" coveredmethods="31"/>
      <line num="1" count="1" type="stmt"/>
      <line num="2" count="1" type="stmt"/>
      <line num="3" count="1" type="stmt"/>
      <line num="4" count="1" type="stmt"/>
      <line num="5" count="1" type="stmt"/>
      <line num="6" count="1" type="stmt"/>
      <line num="8" count="1" type="stmt"/>
      <line num="16" count="1" type="stmt"/>
      <line num="17" count="1" type="stmt"/>
      <line num="18" count="1" type="stmt"/>
      <line num="19" count="1" type="stmt"/>
      <line num="26" count="1" type="stmt"/>
      <line num="27" count="12" type="cond" truecount="2" falsecount="0"/>
      <line num="37" count="1" type="stmt"/>
      <line num="38" count="12" type="cond" truecount="2" falsecount="0"/>
      <line num="39" count="5" type="stmt"/>
      <line num="41" count="7" type="stmt"/>
      <line num="50" count="1" type="stmt"/>
      <line num="51" count="3" type="cond" truecount="2" falsecount="0"/>
      <line num="52" count="2" type="stmt"/>
      <line num="54" count="1" type="stmt"/>
      <line num="63" count="7" type="cond" truecount="2" falsecount="0"/>
      <line num="64" count="7" type="cond" truecount="2" falsecount="0"/>
      <line num="65" count="6" type="stmt"/>
      <line num="66" count="6" type="stmt"/>
      <line num="67" count="8" type="cond" truecount="2" falsecount="0"/>
      <line num="68" count="6" type="cond" truecount="2" falsecount="0"/>
      <line num="69" count="1" type="stmt"/>
      <line num="71" count="5" type="stmt"/>
      <line num="74" count="2" type="stmt"/>
      <line num="76" count="6" type="stmt"/>
      <line num="78" count="1" type="stmt"/>
      <line num="87" count="1" type="stmt"/>
      <line num="88" count="4" type="cond" truecount="4" falsecount="0"/>
      <line num="89" count="3" type="stmt"/>
      <line num="90" count="9" type="stmt"/>
      <line num="93" count="1" type="stmt"/>
      <line num="102" count="1" type="stmt"/>
      <line num="103" count="8" type="cond" truecount="2" falsecount="0"/>
      <line num="104" count="1" type="stmt"/>
      <line num="106" count="7" type="cond" truecount="2" falsecount="0"/>
      <line num="107" count="3" type="stmt"/>
      <line num="109" count="4" type="cond" truecount="2" falsecount="0"/>
      <line num="110" count="3" type="stmt"/>
      <line num="112" count="1" type="stmt"/>
      <line num="122" count="1" type="stmt"/>
      <line num="123" count="15" type="stmt"/>
      <line num="132" count="1" type="stmt"/>
      <line num="133" count="5" type="stmt"/>
      <line num="142" count="3" type="cond" truecount="2" falsecount="0"/>
      <line num="143" count="3" type="stmt"/>
      <line num="144" count="3" type="stmt"/>
      <line num="145" count="3" type="stmt"/>
      <line num="146" count="17" type="cond" truecount="2" falsecount="0"/>
      <line num="147" count="17" type="stmt"/>
      <line num="149" count="17" type="cond" truecount="4" falsecount="0"/>
      <line num="151" count="17" type="stmt"/>
      <line num="152" count="17" type="stmt"/>
      <line num="154" count="3" type="stmt"/>
      <line num="163" count="6" type="cond" truecount="2" falsecount="0"/>
      <line num="175" count="2" type="cond" truecount="2" falsecount="0"/>
      <line num="176" count="2" type="stmt"/>
      <line num="190" count="1" type="stmt"/>
      <line num="191" count="6" type="stmt"/>
      <line num="192" count="6" type="stmt"/>
      <line num="193" count="6" type="stmt"/>
      <line num="194" count="10" type="stmt"/>
      <line num="195" count="10" type="stmt"/>
      <line num="199" count="10" type="stmt"/>
      <line num="200" count="10" type="stmt"/>
      <line num="202" count="6" type="cond" truecount="2" falsecount="0"/>
      <line num="203" count="2" type="stmt"/>
      <line num="205" count="6" type="stmt"/>
      <line num="213" count="10" type="cond" truecount="2" falsecount="0"/>
      <line num="214" count="10" type="stmt"/>
      <line num="215" count="10" type="stmt"/>
      <line num="216" count="10" type="stmt"/>
      <line num="217" count="145" type="stmt"/>
      <line num="218" count="145" type="cond" truecount="4" falsecount="0"/>
      <line num="219" count="127" type="stmt"/>
      <line num="221" count="145" type="stmt"/>
      <line num="223" count="10" type="stmt"/>
      <line num="231" count="1" type="stmt"/>
      <line num="232" count="2" type="stmt"/>
      <line num="240" count="6" type="cond" truecount="2" falsecount="0"/>
      <line num="241" count="6" type="stmt"/>
      <line num="250" count="1" type="stmt"/>
      <line num="251" count="1" type="stmt"/>
      <line num="252" count="2" type="stmt"/>
      <line num="253" count="2" type="stmt"/>
      <line num="262" count="1" type="stmt"/>
      <line num="263" count="3" type="stmt"/>
      <line num="264" count="3" type="stmt"/>
      <line num="265" count="5" type="cond" truecount="2" falsecount="0"/>
      <line num="266" count="3" type="stmt"/>
      <line num="268" count="2" type="stmt"/>
      <line num="275" count="2" type="cond" truecount="2" falsecount="0"/>
      <line num="276" count="1" type="stmt"/>
      <line num="279" count="3" type="stmt"/>
      <line num="288" count="1" type="stmt"/>
      <line num="289" count="3" type="stmt"/>
      <line num="290" count="3" type="stmt"/>
      <line num="292" count="3" type="cond" truecount="2" falsecount="0"/>
      <line num="293" count="1" type="stmt"/>
      <line num="300" count="3" type="cond" truecount="2" falsecount="0"/>
      <line num="301" count="2" type="stmt"/>
      <line num="309" count="3" type="stmt"/>
      <line num="317" count="1" type="stmt"/>
      <line num="318" count="6" type="stmt"/>
      <line num="319" count="6" type="stmt"/>
      <line num="330" count="1" type="stmt"/>
      <line num="331" count="1" type="stmt"/>
      <line num="332" count="1" type="stmt"/>
      <line num="343" count="1" type="stmt"/>
      <line num="344" count="5" type="stmt"/>
      <line num="352" count="2" type="cond" truecount="1" falsecount="1"/>
      <line num="353" count="2" type="stmt"/>
      <line num="354" count="2" type="stmt"/>
      <line num="355" count="8" type="cond" truecount="2" falsecount="0"/>
      <line num="356" count="6" type="stmt"/>
      <line num="359" count="1" type="stmt"/>
      <line num="387" count="1" type="stmt"/>
    </file>
    <file name="index.ts" path="/Users/frodehansen/prosjekter/git/sif-common-utils/src/sif-common-dates/index.ts">
      <metrics statements="4" coveredstatements="4" conditionals="0" coveredconditionals="0" methods="0" coveredmethods="0"/>
      <line num="1" count="1" type="stmt"/>
      <line num="2" count="1" type="stmt"/>
      <line num="3" count="1" type="stmt"/>
      <line num="4" count="1" type="stmt"/>
    </file>
  </project>
</coverage>
