{"/Users/frodehansen/prosjekter/git/sif-common-utils/src/sif-common-dates/dateRangeUtils.ts": {"path":"/Users/frodehansen/prosjekter/git/sif-common-utils/src/sif-common-dates/dateRangeUtils.ts","statementMap":{"0":{"start":{"line":1,"column":0},"end":{"line":1,"column":null}},"1":{"start":{"line":2,"column":0},"end":{"line":2,"column":null}},"2":{"start":{"line":3,"column":0},"end":{"line":3,"column":null}},"3":{"start":{"line":4,"column":0},"end":{"line":4,"column":null}},"4":{"start":{"line":5,"column":0},"end":{"line":5,"column":null}},"5":{"start":{"line":6,"column":0},"end":{"line":6,"column":null}},"6":{"start":{"line":8,"column":0},"end":{"line":8,"column":null}},"7":{"start":{"line":16,"column":0},"end":{"line":16,"column":6}},"8":{"start":{"line":17,"column":0},"end":{"line":17,"column":6}},"9":{"start":{"line":18,"column":0},"end":{"line":18,"column":6}},"10":{"start":{"line":19,"column":0},"end":{"line":19,"column":6}},"11":{"start":{"line":26,"column":27},"end":{"line":28,"column":null}},"12":{"start":{"line":27,"column":4},"end":{"line":27,"column":11}},"13":{"start":{"line":26,"column":13},"end":{"line":26,"column":24}},"14":{"start":{"line":37,"column":29},"end":{"line":42,"column":null}},"15":{"start":{"line":38,"column":4},"end":{"line":40,"column":null}},"16":{"start":{"line":39,"column":8},"end":{"line":39,"column":15}},"17":{"start":{"line":41,"column":4},"end":{"line":41,"column":11}},"18":{"start":{"line":37,"column":13},"end":{"line":37,"column":26}},"19":{"start":{"line":50,"column":37},"end":{"line":55,"column":null}},"20":{"start":{"line":51,"column":4},"end":{"line":53,"column":null}},"21":{"start":{"line":52,"column":8},"end":{"line":52,"column":15}},"22":{"start":{"line":54,"column":4},"end":{"line":54,"column":11}},"23":{"start":{"line":50,"column":13},"end":{"line":50,"column":34}},"24":{"start":{"line":63,"column":33},"end":{"line":79,"column":null}},"25":{"start":{"line":63,"column":59},"end":{"line":63,"column":null}},"26":{"start":{"line":63,"column":59},"end":{"line":63,"column":100}},"27":{"start":{"line":64,"column":4},"end":{"line":77,"column":null}},"28":{"start":{"line":65,"column":28},"end":{"line":65,"column":38}},"29":{"start":{"line":66,"column":27},"end":{"line":66,"column":37}},"30":{"start":{"line":67,"column":12},"end":{"line":73,"column":null}},"31":{"start":{"line":68,"column":16},"end":{"line":72,"column":null}},"32":{"start":{"line":69,"column":20},"end":{"line":69,"column":27}},"33":{"start":{"line":71,"column":20},"end":{"line":71,"column":27}},"34":{"start":{"line":74,"column":12},"end":{"line":74,"column":19}},"35":{"start":{"line":76,"column":8},"end":{"line":76,"column":15}},"36":{"start":{"line":78,"column":4},"end":{"line":78,"column":11}},"37":{"start":{"line":63,"column":13},"end":{"line":63,"column":30}},"38":{"start":{"line":87,"column":42},"end":{"line":94,"column":null}},"39":{"start":{"line":88,"column":4},"end":{"line":92,"column":null}},"40":{"start":{"line":89,"column":8},"end":{"line":89,"column":15}},"41":{"start":{"line":90,"column":12},"end":{"line":90,"column":19}},"42":{"start":{"line":90,"column":46},"end":{"line":90,"column":64}},"43":{"start":{"line":93,"column":4},"end":{"line":93,"column":11}},"44":{"start":{"line":87,"column":13},"end":{"line":87,"column":39}},"45":{"start":{"line":102,"column":42},"end":{"line":113,"column":null}},"46":{"start":{"line":103,"column":4},"end":{"line":105,"column":null}},"47":{"start":{"line":104,"column":8},"end":{"line":104,"column":15}},"48":{"start":{"line":106,"column":4},"end":{"line":108,"column":null}},"49":{"start":{"line":107,"column":8},"end":{"line":107,"column":15}},"50":{"start":{"line":109,"column":4},"end":{"line":111,"column":null}},"51":{"start":{"line":110,"column":8},"end":{"line":110,"column":15}},"52":{"start":{"line":112,"column":4},"end":{"line":112,"column":11}},"53":{"start":{"line":102,"column":13},"end":{"line":102,"column":39}},"54":{"start":{"line":122,"column":33},"end":{"line":124,"column":null}},"55":{"start":{"line":123,"column":4},"end":{"line":123,"column":11}},"56":{"start":{"line":122,"column":13},"end":{"line":122,"column":30}},"57":{"start":{"line":132,"column":37},"end":{"line":134,"column":null}},"58":{"start":{"line":133,"column":4},"end":{"line":133,"column":11}},"59":{"start":{"line":132,"column":13},"end":{"line":132,"column":34}},"60":{"start":{"line":142,"column":36},"end":{"line":155,"column":null}},"61":{"start":{"line":142,"column":59},"end":{"line":142,"column":null}},"62":{"start":{"line":142,"column":59},"end":{"line":142,"column":83}},"63":{"start":{"line":143,"column":32},"end":{"line":143,"column":null}},"64":{"start":{"line":144,"column":18},"end":{"line":144,"column":24}},"65":{"start":{"line":145,"column":4},"end":{"line":145,"column":7}},"66":{"start":{"line":146,"column":27},"end":{"line":146,"column":89}},"67":{"start":{"line":147,"column":27},"end":{"line":147,"column":33}},"68":{"start":{"line":149,"column":12},"end":{"line":149,"column":null}},"69":{"start":{"line":151,"column":8},"end":{"line":151,"column":14}},"70":{"start":{"line":152,"column":8},"end":{"line":152,"column":15}},"71":{"start":{"line":154,"column":4},"end":{"line":154,"column":11}},"72":{"start":{"line":142,"column":13},"end":{"line":142,"column":33}},"73":{"start":{"line":163,"column":33},"end":{"line":166,"column":null}},"74":{"start":{"line":163,"column":46},"end":{"line":163,"column":82}},"75":{"start":{"line":163,"column":46},"end":{"line":163,"column":66}},"76":{"start":{"line":163,"column":82},"end":{"line":163,"column":83}},"77":{"start":{"line":163,"column":13},"end":{"line":163,"column":30}},"78":{"start":{"line":175,"column":32},"end":{"line":183,"column":null}},"79":{"start":{"line":175,"column":45},"end":{"line":175,"column":null}},"80":{"start":{"line":175,"column":45},"end":{"line":175,"column":65}},"81":{"start":{"line":176,"column":4},"end":{"line":176,"column":11}},"82":{"start":{"line":175,"column":13},"end":{"line":175,"column":29}},"83":{"start":{"line":190,"column":35},"end":{"line":206,"column":null}},"84":{"start":{"line":191,"column":31},"end":{"line":191,"column":null}},"85":{"start":{"line":192,"column":18},"end":{"line":192,"column":24}},"86":{"start":{"line":193,"column":4},"end":{"line":193,"column":7}},"87":{"start":{"line":194,"column":41},"end":{"line":194,"column":43}},"88":{"start":{"line":195,"column":39},"end":{"line":195,"column":null}},"89":{"start":{"line":199,"column":8},"end":{"line":199,"column":13}},"90":{"start":{"line":200,"column":8},"end":{"line":200,"column":15}},"91":{"start":{"line":202,"column":4},"end":{"line":204,"column":null}},"92":{"start":{"line":203,"column":8},"end":{"line":203,"column":13}},"93":{"start":{"line":205,"column":4},"end":{"line":205,"column":11}},"94":{"start":{"line":190,"column":13},"end":{"line":190,"column":32}},"95":{"start":{"line":213,"column":35},"end":{"line":224,"column":null}},"96":{"start":{"line":213,"column":58},"end":{"line":213,"column":null}},"97":{"start":{"line":213,"column":58},"end":{"line":213,"column":78}},"98":{"start":{"line":214,"column":26},"end":{"line":214,"column":null}},"99":{"start":{"line":215,"column":18},"end":{"line":215,"column":24}},"100":{"start":{"line":216,"column":4},"end":{"line":216,"column":7}},"101":{"start":{"line":217,"column":21},"end":{"line":217,"column":28}},"102":{"start":{"line":218,"column":8},"end":{"line":220,"column":null}},"103":{"start":{"line":219,"column":12},"end":{"line":219,"column":17}},"104":{"start":{"line":221,"column":8},"end":{"line":221,"column":15}},"105":{"start":{"line":223,"column":4},"end":{"line":223,"column":11}},"106":{"start":{"line":213,"column":13},"end":{"line":213,"column":32}},"107":{"start":{"line":231,"column":36},"end":{"line":232,"column":null}},"108":{"start":{"line":232,"column":4},"end":{"line":232,"column":9}},"109":{"start":{"line":232,"column":31},"end":{"line":232,"column":32}},"110":{"start":{"line":231,"column":13},"end":{"line":231,"column":33}},"111":{"start":{"line":240,"column":42},"end":{"line":243,"column":null}},"112":{"start":{"line":240,"column":65},"end":{"line":240,"column":null}},"113":{"start":{"line":240,"column":65},"end":{"line":240,"column":85}},"114":{"start":{"line":241,"column":4},"end":{"line":241,"column":16}},"115":{"start":{"line":240,"column":13},"end":{"line":240,"column":39}},"116":{"start":{"line":250,"column":42},"end":{"line":255,"column":null}},"117":{"start":{"line":251,"column":4},"end":{"line":251,"column":11}},"118":{"start":{"line":252,"column":50},"end":{"line":252,"column":56}},"119":{"start":{"line":253,"column":48},"end":{"line":253,"column":54}},"120":{"start":{"line":250,"column":13},"end":{"line":250,"column":39}},"121":{"start":{"line":262,"column":46},"end":{"line":280,"column":null}},"122":{"start":{"line":263,"column":41},"end":{"line":263,"column":null}},"123":{"start":{"line":264,"column":4},"end":{"line":264,"column":14}},"124":{"start":{"line":265,"column":8},"end":{"line":267,"column":null}},"125":{"start":{"line":266,"column":12},"end":{"line":266,"column":null}},"126":{"start":{"line":268,"column":42},"end":{"line":268,"column":null}},"127":{"start":{"line":275,"column":8},"end":{"line":277,"column":null}},"128":{"start":{"line":276,"column":12},"end":{"line":276,"column":27}},"129":{"start":{"line":279,"column":4},"end":{"line":279,"column":11}},"130":{"start":{"line":262,"column":13},"end":{"line":262,"column":43}},"131":{"start":{"line":288,"column":47},"end":{"line":310,"column":null}},"132":{"start":{"line":289,"column":38},"end":{"line":289,"column":56}},"133":{"start":{"line":290,"column":26},"end":{"line":290,"column":null}},"134":{"start":{"line":292,"column":4},"end":{"line":299,"column":null}},"135":{"start":{"line":293,"column":8},"end":{"line":293,"column":13}},"136":{"start":{"line":300,"column":4},"end":{"line":307,"column":null}},"137":{"start":{"line":301,"column":8},"end":{"line":301,"column":13}},"138":{"start":{"line":309,"column":4},"end":{"line":309,"column":11}},"139":{"start":{"line":288,"column":13},"end":{"line":288,"column":44}},"140":{"start":{"line":317,"column":39},"end":{"line":323,"column":null}},"141":{"start":{"line":318,"column":18},"end":{"line":318,"column":30}},"142":{"start":{"line":319,"column":4},"end":{"line":319,"column":11}},"143":{"start":{"line":317,"column":13},"end":{"line":317,"column":36}},"144":{"start":{"line":330,"column":38},"end":{"line":336,"column":null}},"145":{"start":{"line":331,"column":18},"end":{"line":331,"column":30}},"146":{"start":{"line":332,"column":4},"end":{"line":332,"column":11}},"147":{"start":{"line":330,"column":13},"end":{"line":330,"column":35}},"148":{"start":{"line":343,"column":39},"end":{"line":345,"column":null}},"149":{"start":{"line":344,"column":4},"end":{"line":344,"column":11}},"150":{"start":{"line":343,"column":13},"end":{"line":343,"column":36}},"151":{"start":{"line":352,"column":41},"end":{"line":357,"column":null}},"152":{"start":{"line":352,"column":63},"end":{"line":352,"column":null}},"153":{"start":{"line":352,"column":63},"end":{"line":352,"column":83}},"154":{"start":{"line":353,"column":22},"end":{"line":353,"column":46}},"155":{"start":{"line":354,"column":4},"end":{"line":354,"column":11}},"156":{"start":{"line":355,"column":26},"end":{"line":355,"column":27}},"157":{"start":{"line":356,"column":23},"end":{"line":356,"column":42}},"158":{"start":{"line":352,"column":13},"end":{"line":352,"column":38}},"159":{"start":{"line":359,"column":23},"end":{"line":359,"column":null}},"160":{"start":{"line":387,"column":0},"end":{"line":387,"column":15}}},"fnMap":{"0":{"name":"isDateRange","decl":{"start":{"line":26,"column":13},"end":{"line":26,"column":24}},"loc":{"start":{"line":26,"column":42},"end":{"line":28,"column":null}}},"1":{"name":"sortDateRange","decl":{"start":{"line":37,"column":13},"end":{"line":37,"column":26}},"loc":{"start":{"line":37,"column":58},"end":{"line":42,"column":null}}},"2":{"name":"sortDateRangeByToDate","decl":{"start":{"line":50,"column":13},"end":{"line":50,"column":34}},"loc":{"start":{"line":50,"column":66},"end":{"line":55,"column":null}}},"3":{"name":"dateRangesCollide","decl":{"start":{"line":63,"column":13},"end":{"line":63,"column":30}},"loc":{"start":{"line":63,"column":100},"end":{"line":79,"column":null}}},"4":{"name":"(anonymous_5)","decl":{"start":{"line":66,"column":43},"end":{"line":66,"column":44}},"loc":{"start":{"line":66,"column":50},"end":{"line":75,"column":null}}},"5":{"name":"datesCollideWithDateRanges","decl":{"start":{"line":87,"column":13},"end":{"line":87,"column":39}},"loc":{"start":{"line":87,"column":81},"end":{"line":94,"column":null}}},"6":{"name":"(anonymous_7)","decl":{"start":{"line":89,"column":26},"end":{"line":89,"column":27}},"loc":{"start":{"line":89,"column":28},"end":{"line":91,"column":null}}},"7":{"name":"(anonymous_8)","decl":{"start":{"line":90,"column":35},"end":{"line":90,"column":36}},"loc":{"start":{"line":90,"column":41},"end":{"line":90,"column":null}}},"8":{"name":"dateIsWithinMaybeDateRange","decl":{"start":{"line":102,"column":13},"end":{"line":102,"column":39}},"loc":{"start":{"line":102,"column":80},"end":{"line":113,"column":null}}},"9":{"name":"dateIsInDateRange","decl":{"start":{"line":122,"column":13},"end":{"line":122,"column":30}},"loc":{"start":{"line":122,"column":66},"end":{"line":124,"column":null}}},"10":{"name":"dateIsInsideDateRange","decl":{"start":{"line":132,"column":13},"end":{"line":132,"column":34}},"loc":{"start":{"line":132,"column":70},"end":{"line":134,"column":null}}},"11":{"name":"getMonthsInDateRange","decl":{"start":{"line":142,"column":13},"end":{"line":142,"column":33}},"loc":{"start":{"line":142,"column":83},"end":{"line":155,"column":null}}},"12":{"name":"getMonthDateRange","decl":{"start":{"line":163,"column":13},"end":{"line":163,"column":30}},"loc":{"start":{"line":163,"column":66},"end":{"line":166,"column":null}}},"13":{"name":"getWeekDateRange","decl":{"start":{"line":175,"column":13},"end":{"line":175,"column":29}},"loc":{"start":{"line":175,"column":65},"end":{"line":183,"column":null}}},"14":{"name":"getWeeksInDateRange","decl":{"start":{"line":190,"column":13},"end":{"line":190,"column":32}},"loc":{"start":{"line":190,"column":56},"end":{"line":206,"column":null}}},"15":{"name":"getDatesInDateRange","decl":{"start":{"line":213,"column":13},"end":{"line":213,"column":32}},"loc":{"start":{"line":213,"column":78},"end":{"line":224,"column":null}}},"16":{"name":"getYearsInDateRanges","decl":{"start":{"line":231,"column":13},"end":{"line":231,"column":33}},"loc":{"start":{"line":231,"column":60},"end":{"line":232,"column":null}}},"17":{"name":"(anonymous_18)","decl":{"start":{"line":232,"column":24},"end":{"line":232,"column":25}},"loc":{"start":{"line":232,"column":26},"end":{"line":232,"column":53}}},"18":{"name":"getNumberOfDaysInDateRange","decl":{"start":{"line":240,"column":13},"end":{"line":240,"column":39}},"loc":{"start":{"line":240,"column":85},"end":{"line":243,"column":null}}},"19":{"name":"getDateRangeFromDateRanges","decl":{"start":{"line":250,"column":13},"end":{"line":250,"column":39}},"loc":{"start":{"line":250,"column":66},"end":{"line":255,"column":null}}},"20":{"name":"(anonymous_21)","decl":{"start":{"line":252,"column":39},"end":{"line":252,"column":40}},"loc":{"start":{"line":252,"column":45},"end":{"line":252,"column":70}}},"21":{"name":"(anonymous_22)","decl":{"start":{"line":253,"column":37},"end":{"line":253,"column":38}},"loc":{"start":{"line":253,"column":43},"end":{"line":253,"column":66}}},"22":{"name":"getDateRangesBetweenDateRanges","decl":{"start":{"line":262,"column":13},"end":{"line":262,"column":43}},"loc":{"start":{"line":262,"column":70},"end":{"line":280,"column":null}}},"23":{"name":"(anonymous_24)","decl":{"start":{"line":264,"column":23},"end":{"line":264,"column":24}},"loc":{"start":{"line":264,"column":38},"end":{"line":278,"column":null}}},"24":{"name":"getDatesInMonthOutsideDateRange","decl":{"start":{"line":288,"column":13},"end":{"line":288,"column":44}},"loc":{"start":{"line":288,"column":81},"end":{"line":310,"column":null}}},"25":{"name":"ISODateRangeToDateRange","decl":{"start":{"line":317,"column":13},"end":{"line":317,"column":36}},"loc":{"start":{"line":317,"column":66},"end":{"line":323,"column":null}}},"26":{"name":"ISODateRangeToISODates","decl":{"start":{"line":330,"column":13},"end":{"line":330,"column":35}},"loc":{"start":{"line":330,"column":65},"end":{"line":336,"column":null}}},"27":{"name":"dateRangeToISODateRange","decl":{"start":{"line":343,"column":13},"end":{"line":343,"column":36}},"loc":{"start":{"line":343,"column":60},"end":{"line":345,"column":null}}},"28":{"name":"getISODatesInISODateRange","decl":{"start":{"line":352,"column":13},"end":{"line":352,"column":38}},"loc":{"start":{"line":352,"column":83},"end":{"line":357,"column":null}}},"29":{"name":"(anonymous_30)","decl":{"start":{"line":355,"column":16},"end":{"line":355,"column":17}},"loc":{"start":{"line":355,"column":21},"end":{"line":355,"column":null}}},"30":{"name":"(anonymous_31)","decl":{"start":{"line":356,"column":13},"end":{"line":356,"column":14}},"loc":{"start":{"line":356,"column":18},"end":{"line":356,"column":null}}}},"branchMap":{"0":{"loc":{"start":{"line":27,"column":11},"end":{"line":27,"column":29}},"type":"binary-expr","locations":[{"start":{"line":27,"column":11},"end":{"line":27,"column":29}},{"start":{"line":27,"column":29},"end":{"line":27,"column":null}}]},"1":{"loc":{"start":{"line":38,"column":4},"end":{"line":40,"column":null}},"type":"if","locations":[{"start":{"line":38,"column":4},"end":{"line":40,"column":null}},{"start":{"line":38,"column":4},"end":{"line":40,"column":null}}]},"2":{"loc":{"start":{"line":51,"column":4},"end":{"line":53,"column":null}},"type":"if","locations":[{"start":{"line":51,"column":4},"end":{"line":53,"column":null}},{"start":{"line":51,"column":4},"end":{"line":53,"column":null}}]},"3":{"loc":{"start":{"line":63,"column":59},"end":{"line":63,"column":null}},"type":"if","locations":[{"start":{"line":63,"column":59},"end":{"line":63,"column":null}},{"start":{"line":63,"column":59},"end":{"line":63,"column":null}}]},"4":{"loc":{"start":{"line":64,"column":4},"end":{"line":77,"column":null}},"type":"if","locations":[{"start":{"line":64,"column":4},"end":{"line":77,"column":null}},{"start":{"line":64,"column":4},"end":{"line":77,"column":null}}]},"5":{"loc":{"start":{"line":67,"column":12},"end":{"line":73,"column":null}},"type":"if","locations":[{"start":{"line":67,"column":12},"end":{"line":73,"column":null}},{"start":{"line":67,"column":12},"end":{"line":73,"column":null}}]},"6":{"loc":{"start":{"line":68,"column":16},"end":{"line":72,"column":null}},"type":"if","locations":[{"start":{"line":68,"column":16},"end":{"line":72,"column":null}},{"start":{"line":68,"column":16},"end":{"line":72,"column":null}}]},"7":{"loc":{"start":{"line":88,"column":4},"end":{"line":92,"column":null}},"type":"if","locations":[{"start":{"line":88,"column":4},"end":{"line":92,"column":null}},{"start":{"line":88,"column":4},"end":{"line":92,"column":null}}]},"8":{"loc":{"start":{"line":88,"column":8},"end":{"line":88,"column":33}},"type":"binary-expr","locations":[{"start":{"line":88,"column":8},"end":{"line":88,"column":33}},{"start":{"line":88,"column":33},"end":{"line":88,"column":51}}]},"9":{"loc":{"start":{"line":103,"column":4},"end":{"line":105,"column":null}},"type":"if","locations":[{"start":{"line":103,"column":4},"end":{"line":105,"column":null}},{"start":{"line":103,"column":4},"end":{"line":105,"column":null}}]},"10":{"loc":{"start":{"line":106,"column":4},"end":{"line":108,"column":null}},"type":"if","locations":[{"start":{"line":106,"column":4},"end":{"line":108,"column":null}},{"start":{"line":106,"column":4},"end":{"line":108,"column":null}}]},"11":{"loc":{"start":{"line":109,"column":4},"end":{"line":111,"column":null}},"type":"if","locations":[{"start":{"line":109,"column":4},"end":{"line":111,"column":null}},{"start":{"line":109,"column":4},"end":{"line":111,"column":null}}]},"12":{"loc":{"start":{"line":142,"column":59},"end":{"line":142,"column":null}},"type":"if","locations":[{"start":{"line":142,"column":59},"end":{"line":142,"column":null}},{"start":{"line":142,"column":59},"end":{"line":142,"column":null}}]},"13":{"loc":{"start":{"line":146,"column":46},"end":{"line":146,"column":53}},"type":"cond-expr","locations":[{"start":{"line":146,"column":46},"end":{"line":146,"column":53}},{"start":{"line":146,"column":82},"end":{"line":146,"column":89}}]},"14":{"loc":{"start":{"line":149,"column":91},"end":{"line":149,"column":106}},"type":"cond-expr","locations":[{"start":{"line":149,"column":91},"end":{"line":149,"column":106}},{"start":{"line":149,"column":106},"end":{"line":149,"column":null}}]},"15":{"loc":{"start":{"line":149,"column":12},"end":{"line":149,"column":18}},"type":"binary-expr","locations":[{"start":{"line":149,"column":12},"end":{"line":149,"column":18}},{"start":{"line":149,"column":62},"end":{"line":149,"column":91}}]},"16":{"loc":{"start":{"line":163,"column":46},"end":{"line":163,"column":82}},"type":"if","locations":[{"start":{"line":163,"column":46},"end":{"line":163,"column":82}},{"start":{"line":163,"column":46},"end":{"line":163,"column":82}}]},"17":{"loc":{"start":{"line":164,"column":25},"end":{"line":164,"column":48}},"type":"cond-expr","locations":[{"start":{"line":164,"column":25},"end":{"line":164,"column":48}},{"start":{"line":164,"column":56},"end":{"line":164,"column":62}}]},"18":{"loc":{"start":{"line":165,"column":23},"end":{"line":165,"column":45}},"type":"cond-expr","locations":[{"start":{"line":165,"column":23},"end":{"line":165,"column":45}},{"start":{"line":165,"column":53},"end":{"line":165,"column":59}}]},"19":{"loc":{"start":{"line":175,"column":45},"end":{"line":175,"column":null}},"type":"if","locations":[{"start":{"line":175,"column":45},"end":{"line":175,"column":null}},{"start":{"line":175,"column":45},"end":{"line":175,"column":null}}]},"20":{"loc":{"start":{"line":180,"column":37},"end":{"line":180,"column":41}},"type":"cond-expr","locations":[{"start":{"line":180,"column":37},"end":{"line":180,"column":41}},{"start":{"line":180,"column":41},"end":{"line":180,"column":44}}]},"21":{"loc":{"start":{"line":197,"column":71},"end":{"line":197,"column":86}},"type":"cond-expr","locations":[{"start":{"line":197,"column":71},"end":{"line":197,"column":86}},{"start":{"line":197,"column":86},"end":{"line":197,"column":null}}]},"22":{"loc":{"start":{"line":202,"column":4},"end":{"line":204,"column":null}},"type":"if","locations":[{"start":{"line":202,"column":4},"end":{"line":204,"column":null}},{"start":{"line":202,"column":4},"end":{"line":204,"column":null}}]},"23":{"loc":{"start":{"line":213,"column":58},"end":{"line":213,"column":null}},"type":"if","locations":[{"start":{"line":213,"column":58},"end":{"line":213,"column":null}},{"start":{"line":213,"column":58},"end":{"line":213,"column":null}}]},"24":{"loc":{"start":{"line":218,"column":8},"end":{"line":220,"column":null}},"type":"if","locations":[{"start":{"line":218,"column":8},"end":{"line":220,"column":null}},{"start":{"line":218,"column":8},"end":{"line":220,"column":null}}]},"25":{"loc":{"start":{"line":218,"column":12},"end":{"line":218,"column":38}},"type":"binary-expr","locations":[{"start":{"line":218,"column":12},"end":{"line":218,"column":38}},{"start":{"line":218,"column":38},"end":{"line":218,"column":52}}]},"26":{"loc":{"start":{"line":240,"column":65},"end":{"line":240,"column":null}},"type":"if","locations":[{"start":{"line":240,"column":65},"end":{"line":240,"column":null}},{"start":{"line":240,"column":65},"end":{"line":240,"column":null}}]},"27":{"loc":{"start":{"line":242,"column":10},"end":{"line":242,"column":null}},"type":"cond-expr","locations":[{"start":{"line":242,"column":10},"end":{"line":242,"column":null}},{"start":{"line":243,"column":10},"end":{"line":243,"column":72}}]},"28":{"loc":{"start":{"line":265,"column":8},"end":{"line":267,"column":null}},"type":"if","locations":[{"start":{"line":265,"column":8},"end":{"line":267,"column":null}},{"start":{"line":265,"column":8},"end":{"line":267,"column":null}}]},"29":{"loc":{"start":{"line":275,"column":8},"end":{"line":277,"column":null}},"type":"if","locations":[{"start":{"line":275,"column":8},"end":{"line":277,"column":null}},{"start":{"line":275,"column":8},"end":{"line":277,"column":null}}]},"30":{"loc":{"start":{"line":292,"column":4},"end":{"line":299,"column":null}},"type":"if","locations":[{"start":{"line":292,"column":4},"end":{"line":299,"column":null}},{"start":{"line":292,"column":4},"end":{"line":299,"column":null}}]},"31":{"loc":{"start":{"line":300,"column":4},"end":{"line":307,"column":null}},"type":"if","locations":[{"start":{"line":300,"column":4},"end":{"line":307,"column":null}},{"start":{"line":300,"column":4},"end":{"line":307,"column":null}}]},"32":{"loc":{"start":{"line":352,"column":63},"end":{"line":352,"column":null}},"type":"if","locations":[{"start":{"line":352,"column":63},"end":{"line":352,"column":null}},{"start":{"line":352,"column":63},"end":{"line":352,"column":null}}]},"33":{"loc":{"start":{"line":355,"column":42},"end":{"line":355,"column":56}},"type":"cond-expr","locations":[{"start":{"line":355,"column":42},"end":{"line":355,"column":56}},{"start":{"line":355,"column":26},"end":{"line":355,"column":27}}]}},"s":{"0":1,"1":1,"2":1,"3":1,"4":1,"5":1,"6":1,"7":1,"8":1,"9":1,"10":1,"11":1,"12":12,"13":1,"14":1,"15":12,"16":5,"17":7,"18":1,"19":1,"20":3,"21":2,"22":1,"23":1,"24":1,"25":7,"26":4,"27":7,"28":6,"29":6,"30":8,"31":6,"32":1,"33":5,"34":2,"35":6,"36":1,"37":1,"38":1,"39":4,"40":3,"41":5,"42":9,"43":1,"44":1,"45":1,"46":8,"47":1,"48":7,"49":3,"50":4,"51":3,"52":1,"53":1,"54":1,"55":15,"56":1,"57":1,"58":5,"59":1,"60":1,"61":3,"62":2,"63":3,"64":3,"65":3,"66":17,"67":17,"68":17,"69":17,"70":17,"71":3,"72":1,"73":1,"74":6,"75":4,"76":6,"77":1,"78":1,"79":2,"80":1,"81":2,"82":1,"83":1,"84":6,"85":6,"86":6,"87":10,"88":10,"89":10,"90":10,"91":6,"92":2,"93":6,"94":1,"95":1,"96":10,"97":6,"98":10,"99":10,"100":10,"101":145,"102":145,"103":127,"104":145,"105":10,"106":1,"107":1,"108":1,"109":2,"110":1,"111":1,"112":6,"113":3,"114":6,"115":1,"116":1,"117":1,"118":2,"119":2,"120":1,"121":1,"122":3,"123":3,"124":5,"125":3,"126":2,"127":2,"128":1,"129":3,"130":1,"131":1,"132":3,"133":3,"134":3,"135":1,"136":3,"137":2,"138":3,"139":1,"140":1,"141":6,"142":6,"143":1,"144":1,"145":1,"146":1,"147":1,"148":1,"149":5,"150":1,"151":1,"152":2,"153":0,"154":2,"155":2,"156":8,"157":6,"158":1,"159":1,"160":1},"f":{"0":12,"1":12,"2":3,"3":7,"4":8,"5":4,"6":5,"7":9,"8":8,"9":15,"10":5,"11":3,"12":6,"13":2,"14":6,"15":10,"16":1,"17":2,"18":6,"19":1,"20":2,"21":2,"22":3,"23":5,"24":3,"25":6,"26":1,"27":5,"28":2,"29":8,"30":6},"b":{"0":[12,6],"1":[5,7],"2":[2,1],"3":[4,3],"4":[6,1],"5":[6,2],"6":[1,5],"7":[3,1],"8":[4,3],"9":[1,7],"10":[3,4],"11":[3,1],"12":[2,1],"13":[1,16],"14":[2,15],"15":[17,3],"16":[4,2],"17":[2,4],"18":[2,4],"19":[1,1],"20":[1,1],"21":[0,10],"22":[2,4],"23":[6,4],"24":[127,18],"25":[145,55],"26":[3,3],"27":[3,3],"28":[3,2],"29":[1,1],"30":[1,2],"31":[2,1],"32":[0,2],"33":[4,4]}}
,"/Users/frodehansen/prosjekter/git/sif-common-utils/src/sif-common-dates/index.ts": {"path":"/Users/frodehansen/prosjekter/git/sif-common-utils/src/sif-common-dates/index.ts","statementMap":{"0":{"start":{"line":1,"column":0},"end":{"line":1,"column":null}},"1":{"start":{"line":2,"column":0},"end":{"line":2,"column":null}},"2":{"start":{"line":3,"column":0},"end":{"line":3,"column":null}},"3":{"start":{"line":4,"column":0},"end":{"line":4,"column":null}}},"fnMap":{},"branchMap":{},"s":{"0":1,"1":1,"2":1,"3":1},"f":{},"b":{}}
}
