TN:
SF:src/sif-common-dates/dateRangeUtils.ts
FN:26,isDateRange
FN:37,sortDateRange
FN:50,sortDateRangeByToDate
FN:63,dateRangesCollide
FN:66,(anonymous_5)
FN:87,datesCollideWithDateRanges
FN:89,(anonymous_7)
FN:90,(anonymous_8)
FN:102,dateIsWithinMaybeDateRange
FN:122,dateIsInDateRange
FN:132,dateIsInsideDateRange
FN:142,getMonthsInDateRange
FN:163,getMonthDateRange
FN:175,getWeekDateRange
FN:190,getWeeksInDateRange
FN:213,getDatesInDateRange
FN:231,getYearsInDateRanges
FN:232,(anonymous_18)
FN:240,getNumberOfDaysInDateRange
FN:250,getDateRangeFromDateRanges
FN:252,(anonymous_21)
FN:253,(anonymous_22)
FN:262,getDateRangesBetweenDateRanges
FN:264,(anonymous_24)
FN:288,getDatesInMonthOutsideDateRange
FN:317,ISODateRangeToDateRange
FN:330,ISODateRangeToISODates
FN:343,dateRangeToISODateRange
FN:352,getISODatesInISODateRange
FN:355,(anonymous_30)
FN:356,(anonymous_31)
FNF:31
FNH:31
FNDA:12,isDateRange
FNDA:12,sortDateRange
FNDA:3,sortDateRangeByToDate
FNDA:7,dateRangesCollide
FNDA:8,(anonymous_5)
FNDA:4,datesCollideWithDateRanges
FNDA:5,(anonymous_7)
FNDA:9,(anonymous_8)
FNDA:8,dateIsWithinMaybeDateRange
FNDA:15,dateIsInDateRange
FNDA:5,dateIsInsideDateRange
FNDA:3,getMonthsInDateRange
FNDA:6,getMonthDateRange
FNDA:2,getWeekDateRange
FNDA:6,getWeeksInDateRange
FNDA:10,getDatesInDateRange
FNDA:1,getYearsInDateRanges
FNDA:2,(anonymous_18)
FNDA:6,getNumberOfDaysInDateRange
FNDA:1,getDateRangeFromDateRanges
FNDA:2,(anonymous_21)
FNDA:2,(anonymous_22)
FNDA:3,getDateRangesBetweenDateRanges
FNDA:5,(anonymous_24)
FNDA:3,getDatesInMonthOutsideDateRange
FNDA:6,ISODateRangeToDateRange
FNDA:1,ISODateRangeToISODates
FNDA:5,dateRangeToISODateRange
FNDA:2,getISODatesInISODateRange
FNDA:8,(anonymous_30)
FNDA:6,(anonymous_31)
DA:1,1
DA:2,1
DA:3,1
DA:4,1
DA:5,1
DA:6,1
DA:8,1
DA:16,1
DA:17,1
DA:18,1
DA:19,1
DA:26,1
DA:27,12
DA:37,1
DA:38,12
DA:39,5
DA:41,7
DA:50,1
DA:51,3
DA:52,2
DA:54,1
DA:63,7
DA:64,7
DA:65,6
DA:66,6
DA:67,8
DA:68,6
DA:69,1
DA:71,5
DA:74,2
DA:76,6
DA:78,1
DA:87,1
DA:88,4
DA:89,3
DA:90,9
DA:93,1
DA:102,1
DA:103,8
DA:104,1
DA:106,7
DA:107,3
DA:109,4
DA:110,3
DA:112,1
DA:122,1
DA:123,15
DA:132,1
DA:133,5
DA:142,3
DA:143,3
DA:144,3
DA:145,3
DA:146,17
DA:147,17
DA:149,17
DA:151,17
DA:152,17
DA:154,3
DA:163,6
DA:175,2
DA:176,2
DA:190,1
DA:191,6
DA:192,6
DA:193,6
DA:194,10
DA:195,10
DA:199,10
DA:200,10
DA:202,6
DA:203,2
DA:205,6
DA:213,10
DA:214,10
DA:215,10
DA:216,10
DA:217,145
DA:218,145
DA:219,127
DA:221,145
DA:223,10
DA:231,1
DA:232,2
DA:240,6
DA:241,6
DA:250,1
DA:251,1
DA:252,2
DA:253,2
DA:262,1
DA:263,3
DA:264,3
DA:265,5
DA:266,3
DA:268,2
DA:275,2
DA:276,1
DA:279,3
DA:288,1
DA:289,3
DA:290,3
DA:292,3
DA:293,1
DA:300,3
DA:301,2
DA:309,3
DA:317,1
DA:318,6
DA:319,6
DA:330,1
DA:331,1
DA:332,1
DA:343,1
DA:344,5
DA:352,2
DA:353,2
DA:354,2
DA:355,8
DA:356,6
DA:359,1
DA:387,1
LF:122
LH:122
BRDA:27,0,0,12
BRDA:27,0,1,6
BRDA:38,1,0,5
BRDA:38,1,1,7
BRDA:51,2,0,2
BRDA:51,2,1,1
BRDA:63,3,0,4
BRDA:63,3,1,3
BRDA:64,4,0,6
BRDA:64,4,1,1
BRDA:67,5,0,6
BRDA:67,5,1,2
BRDA:68,6,0,1
BRDA:68,6,1,5
BRDA:88,7,0,3
BRDA:88,7,1,1
BRDA:88,8,0,4
BRDA:88,8,1,3
BRDA:103,9,0,1
BRDA:103,9,1,7
BRDA:106,10,0,3
BRDA:106,10,1,4
BRDA:109,11,0,3
BRDA:109,11,1,1
BRDA:142,12,0,2
BRDA:142,12,1,1
BRDA:146,13,0,1
BRDA:146,13,1,16
BRDA:149,14,0,2
BRDA:149,14,1,15
BRDA:149,15,0,17
BRDA:149,15,1,3
BRDA:163,16,0,4
BRDA:163,16,1,2
BRDA:164,17,0,2
BRDA:164,17,1,4
BRDA:165,18,0,2
BRDA:165,18,1,4
BRDA:175,19,0,1
BRDA:175,19,1,1
BRDA:180,20,0,1
BRDA:180,20,1,1
BRDA:197,21,0,0
BRDA:197,21,1,10
BRDA:202,22,0,2
BRDA:202,22,1,4
BRDA:213,23,0,6
BRDA:213,23,1,4
BRDA:218,24,0,127
BRDA:218,24,1,18
BRDA:218,25,0,145
BRDA:218,25,1,55
BRDA:240,26,0,3
BRDA:240,26,1,3
BRDA:242,27,0,3
BRDA:242,27,1,3
BRDA:265,28,0,3
BRDA:265,28,1,2
BRDA:275,29,0,1
BRDA:275,29,1,1
BRDA:292,30,0,1
BRDA:292,30,1,2
BRDA:300,31,0,2
BRDA:300,31,1,1
BRDA:352,32,0,0
BRDA:352,32,1,2
BRDA:355,33,0,4
BRDA:355,33,1,4
BRF:68
BRH:66
end_of_record
TN:
SF:src/sif-common-dates/index.ts
FNF:0
FNH:0
DA:1,1
DA:2,1
DA:3,1
DA:4,1
LF:4
LH:4
BRF:0
BRH:0
end_of_record
